
> nexa-digital@0.1.0 build
> next build

  Ôû▓ Next.js 14.2.14
  - Environments: .env.local

   Creating an optimized production build ...
 Ô£ô Compiled successfully
   Skipping validation of types
   Skipping linting
   Collecting page data ...
   Generating static pages (0/8) ...
   Generating static pages (2/8) 
   Generating static pages (4/8) 
   Generating static pages (6/8) 
 Ô£ô Generating static pages (8/8)
   Finalizing page optimization ...
   Collecting build traces ...

Route (app)                              Size     First Load JS
Ôöî Ôùï /_not-found                          873 B            88 kB
Ôö£ ãÆ /[lang]                              27.8 kB         143 kB
Ôö£ ãÆ /[lang]/avis-legal                   1.44 kB         103 kB
Ôö£ ãÆ /[lang]/botigues-online-reus         1.45 kB         108 kB
Ôö£ ãÆ /[lang]/botigues-online-tarragona    1.45 kB         108 kB
Ôö£ ãÆ /[lang]/casos-d-exit                 3.01 kB         109 kB
Ôö£ ãÆ /[lang]/politica-cookies             1.44 kB         103 kB
Ôö£ ãÆ /[lang]/politica-privacitat          1.44 kB         103 kB
Ôö£ ãÆ /[lang]/serveis/[slug]               1.45 kB         108 kB
Ôö£ ãÆ /[lang]/webs-corporatives-reus       1.45 kB         108 kB
Ôö£ ãÆ /[lang]/webs-corporatives-tarragona  1.45 kB         108 kB
Ôö£ Ôùï /apple-icon.png                      0 B                0 B
Ôö£ Ôùï /icon.png                            0 B                0 B
Ôö£ Ôùï /robots.txt                          0 B                0 B
Ôöö Ôùï /sitemap.xml                         0 B                0 B
+ First Load JS shared by all            87.1 kB
  Ôö£ chunks/117-5f00b8862f619c53.js       31.6 kB
  Ôö£ chunks/fd9d1056-4a43c3ba43a0759a.js  53.6 kB
  Ôöö other shared chunks (total)          1.89 kB


ãÆ Middleware                             26.5 kB

Ôùï  (Static)   prerendered as static content
ãÆ  (Dynamic)  server-rendered on demand

